[debug] [2022-02-10T11:57:43.589Z] ----------------------------------------------------------------------
[debug] [2022-02-10T11:57:43.592Z] Command:       C:\Program Files\nodejs\node.exe C:\Users\sing13242\AppData\Roaming\npm\node_modules\firebase-tools\lib\bin\firebase.js init
[debug] [2022-02-10T11:57:43.593Z] CLI Version:   10.1.5
[debug] [2022-02-10T11:57:43.593Z] Platform:      win32
[debug] [2022-02-10T11:57:43.593Z] Node Version:  v14.18.0
[debug] [2022-02-10T11:57:43.595Z] Time:          Thu Feb 10 2022 17:27:43 GMT+0530 (India Standard Time)
[debug] [2022-02-10T11:57:43.595Z] ----------------------------------------------------------------------
[debug] 
[debug] [2022-02-10T11:57:43.609Z] > command requires scopes: ["email","openid","https://www.googleapis.com/auth/cloudplatformprojects.readonly","https://www.googleapis.com/auth/firebase","https://www.googleapis.com/auth/cloud-platform"]
[debug] [2022-02-10T11:57:43.609Z] > authorizing via signed-in user (singh.tanish.07@gmail.com)
[info] 
     ######## #### ########  ######## ########     ###     ######  ########
     ##        ##  ##     ## ##       ##     ##  ##   ##  ##       ##
     ######    ##  ########  ######   ########  #########  ######  ######
     ##        ##  ##    ##  ##       ##     ## ##     ##       ## ##
     ##       #### ##     ## ######## ########  ##     ##  ######  ########

You're about to initialize a Firebase project in this directory:

  C:\Users\sing13242\Angular Projects\my-shopping-list

[info] 
=== Project Setup
[info] 
[info] First, let's associate this project directory with a Firebase project.
[info] You can create multiple project aliases by running firebase use --add, 
[info] but for now we'll just set up a default project.
[info] 
[debug] [2022-02-10T11:58:55.684Z] >>> [apiv2][query] GET https://firebase.googleapis.com/v1beta1/projects pageSize=100
[debug] [2022-02-10T11:58:56.548Z] <<< [apiv2][status] GET https://firebase.googleapis.com/v1beta1/projects 200
[debug] [2022-02-10T11:58:56.549Z] <<< [apiv2][body] GET https://firebase.googleapis.com/v1beta1/projects [omitted]
[info] i  Using project ng-course-recipe-book-e9e1f (ng-course-recipe-book) 
[info] 
=== Hosting Setup
[info] 
[info] Your public directory is the folder (relative to your project directory) that
[info] will contain Hosting assets to be uploaded with firebase deploy. If you
[info] have a build process for your assets, use your build's output directory.
[info] 
